2025-08-22 00:00:07,144 - bnb_enhanced_ml - INFO - __init__:61 - BNBEnhancedML initialized - will learn from 10 cryptos
2025-08-22 00:00:07,144 - bnb_enhanced_ml - INFO - train_bnb_enhanced_model:557 - Training BNB model with multi-crypto enhanced intelligence...
2025-08-22 00:00:07,144 - bnb_enhanced_ml - INFO - train_bnb_enhanced_model:560 - Step 1: Learning patterns from top 10 cryptocurrencies...
2025-08-22 00:00:07,145 - bnb_enhanced_ml - INFO - fetch_learning_data:66 - Fetching learning data from 10 cryptocurrencies...
2025-08-22 00:00:12,297 - bnb_enhanced_ml - INFO - fetch_learning_data:114 - ✅ Collected learning data from 10 cryptocurrencies
2025-08-22 00:00:12,301 - bnb_enhanced_ml - INFO - extract_universal_patterns:120 - Extracting universal patterns from all cryptocurrencies...
2025-08-22 00:00:45,981 - bnb_enhanced_ml - INFO - extract_universal_patterns:165 - ✅ Extracted 0 universal insights
2025-08-22 00:00:45,985 - bnb_enhanced_ml - INFO - train_bnb_enhanced_model:570 - Step 2: Creating enhanced BNB features...
2025-08-22 00:00:45,985 - bnb_enhanced_ml - INFO - create_bnb_enhanced_features:427 - Creating BNB features enhanced with multi-crypto intelligence...
2025-08-22 00:00:46,557 - bnb_enhanced_ml - INFO - create_bnb_enhanced_features:529 - ✅ Created 70 enhanced BNB features
2025-08-22 00:00:46,738 - bnb_enhanced_ml - INFO - train_bnb_enhanced_model:599 - Training data: 900 samples, 64 features
2025-08-22 00:00:46,755 - bnb_enhanced_ml - INFO - train_bnb_enhanced_model:624 - Training enhanced_rf...
2025-08-22 00:00:48,032 - bnb_enhanced_ml - INFO - train_bnb_enhanced_model:637 - enhanced_rf: Train=1.000, Test=1.000
2025-08-22 00:00:48,032 - bnb_enhanced_ml - INFO - train_bnb_enhanced_model:624 - Training enhanced_gb...
2025-08-22 00:00:57,198 - bnb_enhanced_ml - INFO - train_bnb_enhanced_model:637 - enhanced_gb: Train=1.000, Test=1.000
2025-08-22 00:00:57,199 - bnb_enhanced_ml - INFO - train_bnb_enhanced_model:624 - Training enhanced_lr...
2025-08-22 00:00:57,372 - bnb_enhanced_ml - INFO - train_bnb_enhanced_model:637 - enhanced_lr: Train=0.993, Test=1.000
2025-08-22 00:00:57,605 - bnb_enhanced_ml - INFO - train_bnb_enhanced_model:681 - ✅ Models saved to disk: ml_models_bnb_enhanced/bnb_enhanced_7.pkl
2025-08-22 00:01:21,637 - bnb_enhanced_ml - INFO - __init__:61 - BNBEnhancedML initialized - will learn from 10 cryptos
2025-08-22 00:01:21,638 - bnb_enhanced_ml - INFO - predict_bnb_enhanced:733 - Loading trained model from disk: ml_models_bnb_enhanced/bnb_enhanced_7.pkl
2025-08-22 00:01:22,049 - bnb_enhanced_ml - INFO - create_bnb_enhanced_features:427 - Creating BNB features enhanced with multi-crypto intelligence...
2025-08-22 00:01:22,501 - bnb_enhanced_ml - INFO - create_bnb_enhanced_features:529 - ✅ Created 66 enhanced BNB features
2025-08-22 00:01:22,503 - bnb_enhanced_ml - ERROR - predict_bnb_enhanced:812 - Enhanced prediction failed: "['market_weight'] not in index"
2025-08-22 00:01:53,667 - bnb_enhanced_ml - INFO - __init__:61 - BNBEnhancedML initialized - will learn from 10 cryptos
2025-08-22 00:03:43,917 - bnb_enhanced_ml - INFO - predict_bnb_enhanced:733 - Loading trained model from disk: ml_models_bnb_enhanced/bnb_enhanced_30.pkl
2025-08-22 00:03:44,310 - bnb_enhanced_ml - INFO - create_bnb_enhanced_features:427 - Creating BNB features enhanced with multi-crypto intelligence...
2025-08-22 00:03:44,659 - bnb_enhanced_ml - INFO - create_bnb_enhanced_features:529 - ✅ Created 66 enhanced BNB features
2025-08-22 00:06:01,515 - bnb_enhanced_ml - INFO - __init__:61 - BNBEnhancedML initialized - will learn from 10 cryptos
2025-08-22 00:07:15,834 - bnb_enhanced_ml - INFO - __init__:61 - BNBEnhancedML initialized - will learn from 10 cryptos
2025-08-22 00:07:16,306 - bnb_enhanced_ml - INFO - create_bnb_enhanced_features:427 - Creating BNB features enhanced with multi-crypto intelligence...
2025-08-22 00:07:16,737 - bnb_enhanced_ml - INFO - create_bnb_enhanced_features:529 - ✅ Created 70 enhanced BNB features
2025-08-22 00:07:58,895 - bnb_enhanced_ml - INFO - __init__:61 - BNBEnhancedML initialized - will learn from 10 cryptos
2025-08-22 00:07:58,895 - bnb_enhanced_ml - INFO - predict_bnb_enhanced:733 - Loading trained model from disk: ml_models_bnb_enhanced/bnb_enhanced_7.pkl
2025-08-22 00:07:59,222 - bnb_enhanced_ml - INFO - create_bnb_enhanced_features:427 - Creating BNB features enhanced with multi-crypto intelligence...
2025-08-22 00:07:59,536 - bnb_enhanced_ml - INFO - create_bnb_enhanced_features:529 - ✅ Created 66 enhanced BNB features
2025-08-22 00:07:59,537 - bnb_enhanced_ml - ERROR - predict_bnb_enhanced:812 - Enhanced prediction failed: "['market_weight'] not in index"
2025-08-22 00:08:01,156 - bnb_enhanced_ml - INFO - __init__:61 - BNBEnhancedML initialized - will learn from 10 cryptos
2025-08-22 00:08:01,156 - bnb_enhanced_ml - INFO - predict_bnb_enhanced:733 - Loading trained model from disk: ml_models_bnb_enhanced/bnb_enhanced_30.pkl
2025-08-22 00:08:01,532 - bnb_enhanced_ml - INFO - create_bnb_enhanced_features:427 - Creating BNB features enhanced with multi-crypto intelligence...
2025-08-22 00:08:02,005 - bnb_enhanced_ml - INFO - create_bnb_enhanced_features:529 - ✅ Created 66 enhanced BNB features
2025-08-22 00:08:11,744 - bnb_enhanced_ml - INFO - __init__:61 - BNBEnhancedML initialized - will learn from 10 cryptos
2025-08-22 00:08:11,744 - bnb_enhanced_ml - INFO - predict_bnb_enhanced:733 - Loading trained model from disk: ml_models_bnb_enhanced/bnb_enhanced_90.pkl
2025-08-22 00:08:12,169 - bnb_enhanced_ml - INFO - create_bnb_enhanced_features:427 - Creating BNB features enhanced with multi-crypto intelligence...
2025-08-22 00:08:12,525 - bnb_enhanced_ml - INFO - create_bnb_enhanced_features:529 - ✅ Created 66 enhanced BNB features
2025-08-22 00:13:22,496 - bnb_enhanced_ml - INFO - __init__:61 - BNBEnhancedML initialized - will learn from 10 cryptos
2025-08-22 00:13:22,498 - bnb_enhanced_ml - INFO - predict_bnb_enhanced:733 - Loading trained model from disk: ml_models_bnb_enhanced/bnb_enhanced_7.pkl
2025-08-22 00:13:23,051 - bnb_enhanced_ml - INFO - create_bnb_enhanced_features:427 - Creating BNB features enhanced with multi-crypto intelligence...
2025-08-22 00:13:23,503 - bnb_enhanced_ml - INFO - create_bnb_enhanced_features:529 - ✅ Created 66 enhanced BNB features
2025-08-22 00:13:23,504 - bnb_enhanced_ml - ERROR - predict_bnb_enhanced:812 - Enhanced prediction failed: "['market_weight'] not in index"
2025-08-22 00:13:23,509 - bnb_enhanced_ml - INFO - predict_bnb_enhanced:733 - Loading trained model from disk: ml_models_bnb_enhanced/bnb_enhanced_30.pkl
2025-08-22 00:13:23,923 - bnb_enhanced_ml - INFO - create_bnb_enhanced_features:427 - Creating BNB features enhanced with multi-crypto intelligence...
2025-08-22 00:13:24,366 - bnb_enhanced_ml - INFO - create_bnb_enhanced_features:529 - ✅ Created 66 enhanced BNB features
2025-08-22 00:13:24,431 - bnb_enhanced_ml - INFO - predict_bnb_enhanced:733 - Loading trained model from disk: ml_models_bnb_enhanced/bnb_enhanced_90.pkl
2025-08-22 00:13:24,838 - bnb_enhanced_ml - INFO - create_bnb_enhanced_features:427 - Creating BNB features enhanced with multi-crypto intelligence...
2025-08-22 00:13:25,304 - bnb_enhanced_ml - INFO - create_bnb_enhanced_features:529 - ✅ Created 66 enhanced BNB features
2025-08-22 00:13:39,027 - bnb_enhanced_ml - INFO - __init__:61 - BNBEnhancedML initialized - will learn from 10 cryptos
2025-08-22 00:13:49,250 - bnb_enhanced_ml - INFO - __init__:61 - BNBEnhancedML initialized - will learn from 10 cryptos
2025-08-22 00:13:49,251 - bnb_enhanced_ml - INFO - predict_bnb_enhanced:733 - Loading trained model from disk: ml_models_bnb_enhanced/bnb_enhanced_7.pkl
2025-08-22 00:13:49,681 - bnb_enhanced_ml - INFO - create_bnb_enhanced_features:427 - Creating BNB features enhanced with multi-crypto intelligence...
2025-08-22 00:13:50,113 - bnb_enhanced_ml - INFO - create_bnb_enhanced_features:529 - ✅ Created 66 enhanced BNB features
2025-08-22 00:13:50,115 - bnb_enhanced_ml - ERROR - predict_bnb_enhanced:812 - Enhanced prediction failed: "['market_weight'] not in index"
2025-08-22 00:13:50,119 - bnb_enhanced_ml - INFO - predict_bnb_enhanced:733 - Loading trained model from disk: ml_models_bnb_enhanced/bnb_enhanced_30.pkl
2025-08-22 00:13:50,507 - bnb_enhanced_ml - INFO - create_bnb_enhanced_features:427 - Creating BNB features enhanced with multi-crypto intelligence...
2025-08-22 00:13:50,918 - bnb_enhanced_ml - INFO - create_bnb_enhanced_features:529 - ✅ Created 66 enhanced BNB features
2025-08-22 00:13:50,965 - bnb_enhanced_ml - INFO - predict_bnb_enhanced:733 - Loading trained model from disk: ml_models_bnb_enhanced/bnb_enhanced_90.pkl
2025-08-22 00:13:51,342 - bnb_enhanced_ml - INFO - create_bnb_enhanced_features:427 - Creating BNB features enhanced with multi-crypto intelligence...
2025-08-22 00:13:51,749 - bnb_enhanced_ml - INFO - create_bnb_enhanced_features:529 - ✅ Created 66 enhanced BNB features
2025-08-22 00:13:51,790 - bnb_enhanced_ml - INFO - train_bnb_enhanced_model:557 - Training BNB model with multi-crypto enhanced intelligence...
2025-08-22 00:13:51,791 - bnb_enhanced_ml - INFO - train_bnb_enhanced_model:560 - Step 1: Learning patterns from top 10 cryptocurrencies...
2025-08-22 00:13:51,791 - bnb_enhanced_ml - INFO - fetch_learning_data:66 - Fetching learning data from 10 cryptocurrencies...
2025-08-22 00:13:55,504 - bnb_enhanced_ml - INFO - fetch_learning_data:114 - ✅ Collected learning data from 10 cryptocurrencies
2025-08-22 00:13:55,506 - bnb_enhanced_ml - INFO - extract_universal_patterns:120 - Extracting universal patterns from all cryptocurrencies...
2025-08-22 00:14:07,838 - bnb_enhanced_ml - INFO - extract_universal_patterns:165 - ✅ Extracted 0 universal insights
2025-08-22 00:14:07,839 - bnb_enhanced_ml - INFO - train_bnb_enhanced_model:570 - Step 2: Creating enhanced BNB features...
2025-08-22 00:14:07,839 - bnb_enhanced_ml - INFO - create_bnb_enhanced_features:427 - Creating BNB features enhanced with multi-crypto intelligence...
2025-08-22 00:14:08,255 - bnb_enhanced_ml - INFO - create_bnb_enhanced_features:529 - ✅ Created 70 enhanced BNB features
2025-08-22 00:14:08,369 - bnb_enhanced_ml - INFO - train_bnb_enhanced_model:599 - Training data: 900 samples, 64 features
2025-08-22 00:14:08,376 - bnb_enhanced_ml - INFO - train_bnb_enhanced_model:624 - Training enhanced_rf...
2025-08-22 00:14:09,187 - bnb_enhanced_ml - INFO - train_bnb_enhanced_model:637 - enhanced_rf: Train=1.000, Test=1.000
2025-08-22 00:14:09,187 - bnb_enhanced_ml - INFO - train_bnb_enhanced_model:624 - Training enhanced_gb...
2025-08-22 00:14:16,929 - bnb_enhanced_ml - INFO - train_bnb_enhanced_model:637 - enhanced_gb: Train=1.000, Test=1.000
2025-08-22 00:14:16,929 - bnb_enhanced_ml - INFO - train_bnb_enhanced_model:624 - Training enhanced_lr...
2025-08-22 00:14:16,964 - bnb_enhanced_ml - INFO - train_bnb_enhanced_model:637 - enhanced_lr: Train=0.993, Test=1.000
2025-08-22 00:14:16,998 - bnb_enhanced_ml - INFO - train_bnb_enhanced_model:681 - ✅ Models saved to disk: ml_models_bnb_enhanced/bnb_enhanced_7.pkl
2025-08-22 00:14:28,932 - bnb_enhanced_ml - INFO - __init__:61 - BNBEnhancedML initialized - will learn from 10 cryptos
2025-08-22 00:14:28,935 - bnb_enhanced_ml - INFO - predict_bnb_enhanced:733 - Loading trained model from disk: ml_models_bnb_enhanced/bnb_enhanced_7.pkl
2025-08-22 00:14:29,372 - bnb_enhanced_ml - INFO - create_bnb_enhanced_features:427 - Creating BNB features enhanced with multi-crypto intelligence...
2025-08-22 00:14:29,808 - bnb_enhanced_ml - INFO - create_bnb_enhanced_features:529 - ✅ Created 66 enhanced BNB features
2025-08-22 00:14:29,809 - bnb_enhanced_ml - ERROR - predict_bnb_enhanced:812 - Enhanced prediction failed: "['market_weight'] not in index"
2025-08-22 00:14:29,813 - bnb_enhanced_ml - INFO - predict_bnb_enhanced:733 - Loading trained model from disk: ml_models_bnb_enhanced/bnb_enhanced_30.pkl
2025-08-22 00:14:30,203 - bnb_enhanced_ml - INFO - create_bnb_enhanced_features:427 - Creating BNB features enhanced with multi-crypto intelligence...
2025-08-22 00:14:30,604 - bnb_enhanced_ml - INFO - create_bnb_enhanced_features:529 - ✅ Created 66 enhanced BNB features
2025-08-22 00:14:30,641 - bnb_enhanced_ml - INFO - predict_bnb_enhanced:733 - Loading trained model from disk: ml_models_bnb_enhanced/bnb_enhanced_90.pkl
2025-08-22 00:14:31,004 - bnb_enhanced_ml - INFO - create_bnb_enhanced_features:427 - Creating BNB features enhanced with multi-crypto intelligence...
2025-08-22 00:14:31,413 - bnb_enhanced_ml - INFO - create_bnb_enhanced_features:529 - ✅ Created 66 enhanced BNB features
